<?xml version="1.0" encoding="UTF-8"?>
<testsuite name="chapter01.Q02Spec" tests="3" skipped="0" failures="0" errors="0" timestamp="2016-05-31T09:48:11" hostname="Matteos-MacBook-Pro.local" time="0.005">
  <properties/>
  <testcase name="it would expect null when reversing null" classname="chapter01.Q02Spec" time="0.002"/>
  <testcase name="it would expect  when reversing " classname="chapter01.Q02Spec" time="0.0"/>
  <testcase name="it would expect cba when reversing abc" classname="chapter01.Q02Spec" time="0.001"/>
  <system-out><![CDATA[]]></system-out>
  <system-err><![CDATA[]]></system-err>
</testsuite>
