<?xml version="1.0" encoding="UTF-8"?>
<testsuite name="chapter03.Q5Spec" tests="2" skipped="0" failures="0" errors="0" timestamp="2016-05-31T09:48:11" hostname="Matteos-MacBook-Pro.local" time="0.008">
  <properties/>
  <testcase name="should enqueue in the right order" classname="chapter03.Q5Spec" time="0.007"/>
  <testcase name="should dequeue in the right order" classname="chapter03.Q5Spec" time="0.001"/>
  <system-out><![CDATA[]]></system-out>
  <system-err><![CDATA[]]></system-err>
</testsuite>
