<?xml version="1.0" encoding="UTF-8"?>
<testsuite name="chapter01.Q03Spec" tests="3" skipped="0" failures="0" errors="0" timestamp="2016-05-31T09:48:11" hostname="Matteos-MacBook-Pro.local" time="0.011">
  <properties/>
  <testcase name="it should be false that null is a permutation of null" classname="chapter01.Q03Spec" time="0.002"/>
  <testcase name="it should be false that abc is a permutation of ab" classname="chapter01.Q03Spec" time="0.0"/>
  <testcase name="it should be true that abc is a permutation of acb" classname="chapter01.Q03Spec" time="0.007"/>
  <system-out><![CDATA[]]></system-out>
  <system-err><![CDATA[]]></system-err>
</testsuite>
