<?xml version="1.0" encoding="UTF-8"?>
<testsuite name="chapter02.Q01Spec" tests="2" skipped="0" failures="0" errors="0" timestamp="2016-05-31T09:48:11" hostname="Matteos-MacBook-Pro.local" time="0.01">
  <properties/>
  <testcase name="it should return the same list when there are no duplicates" classname="chapter02.Q01Spec" time="0.009"/>
  <testcase name="it should return the list without duplicates" classname="chapter02.Q01Spec" time="0.001"/>
  <system-out><![CDATA[]]></system-out>
  <system-err><![CDATA[]]></system-err>
</testsuite>
